<?xml version="1.0" encoding="UTF-8"?>
<testsuite name="pl.allegro.plzajeciasnake.DemoApplicationTests" time="0.293" tests="1" errors="0" skipped="0" failures="0">
  <properties>
    <property name="java.runtime.name" value="Java(TM) SE Runtime Environment"/>
    <property name="sun.boot.library.path" value="c:\Program Files\Java\jdk1.8.0_25\jre\bin"/>
    <property name="java.vm.version" value="25.25-b02"/>
    <property name="java.vm.vendor" value="Oracle Corporation"/>
    <property name="java.vendor.url" value="http://java.oracle.com/"/>
    <property name="path.separator" value=";"/>
    <property name="guice.disable.misplaced.annotation.check" value="true"/>
    <property name="java.vm.name" value="Java HotSpot(TM) 64-Bit Server VM"/>
    <property name="file.encoding.pkg" value="sun.io"/>
    <property name="user.script" value=""/>
    <property name="user.country" value="PL"/>
    <property name="sun.java.launcher" value="SUN_STANDARD"/>
    <property name="sun.os.patch.level" value=""/>
    <property name="java.vm.specification.name" value="Java Virtual Machine Specification"/>
    <property name="user.dir" value="c:\Users\Łukasz\IdeaProjects\wildsnake"/>
    <property name="java.runtime.version" value="1.8.0_25-b18"/>
    <property name="java.awt.graphicsenv" value="sun.awt.Win32GraphicsEnvironment"/>
    <property name="java.endorsed.dirs" value="c:\Program Files\Java\jdk1.8.0_25\jre\lib\endorsed"/>
    <property name="os.arch" value="amd64"/>
    <property name="java.io.tmpdir" value="C:\Users\UKASZ~1\AppData\Local\Temp\"/>
    <property name="line.separator" value="&#10;"/>
    <property name="java.vm.specification.vendor" value="Oracle Corporation"/>
    <property name="user.variant" value=""/>
    <property name="os.name" value="Windows 8.1"/>
    <property name="classworlds.conf" value="c:/Maven/bin/m2.conf"/>
    <property name="sun.jnu.encoding" value="Cp1250"/>
    <property name="java.library.path" value="c:\Program Files\Java\jdk1.8.0_25\bin;C:\WINDOWS\Sun\Java\bin;C:\WINDOWS\system32;C:\WINDOWS;c:\Users\Łukasz\bin;.;C:\Program Files (x86)\Git\local\bin;C:\Program Files (x86)\Git\mingw\bin;C:\Program Files (x86)\Git\bin;c:\ProgramData\Oracle\Java\javapath;c:\Windows\system32;c:\Windows;c:\Windows\System32\Wbem;c:\Windows\System32\WindowsPowerShell\v1.0\;c:\Program Files (x86)\Intel\OpenCL SDK\2.0\bin\x86;c:\Program Files (x86)\Intel\OpenCL SDK\2.0\bin\x64;c:\Program Files (x86)\Windows Kits\8.1\Windows Performance Toolkit\;c:\MinGW\bin;c:\Program Files\Java\jdk1.8.0_25\bin;C:\Program Files (x86)\Git\cmd;C:\Program Files (x86)\Git\bin;c:\OpenCV\opencv\build\x64\vc12\bin;c:\wamp\bin\php\php5.5.12;c:\OpenCV\opencv\build\x86\vc12\bin;c:\Users\Łukasz\AppData\Local\Android\sdk\platform-tools;c:\Program Files\MiKTeX 2.9\miktex\bin\x64\;c:\Python34;c:\Maven\bin;c:\sqllite3;c:\OpenCV\build\x64\vc10\bin;c:\Program Files (x86)\Calibre2\;c:\Program Files (x86)\NVIDIA Corporation\PhysX\Common;c:\wamp\bin\mysql\mysql5.6.17\bin;c:\Program Files (x86)\QuickTime\QTSystem\;c:\WINDOWS\system32;c:\WINDOWS;c:\WINDOWS\System32\Wbem;c:\WINDOWS\System32\WindowsPowerShell\v1.0\;c:\Program Files (x86)\Skype\Phone\;c:\Program Files\nodejs\;c:\Program Files (x86)\Heroku\bin;C:\Program Files (x86)\Git\cmd;c:\Users\Łukasz\AppData\Roaming\npm;."/>
    <property name="java.specification.name" value="Java Platform API Specification"/>
    <property name="java.class.version" value="52.0"/>
    <property name="sun.management.compiler" value="HotSpot 64-Bit Tiered Compilers"/>
    <property name="os.version" value="6.3"/>
    <property name="user.home" value="C:\Users\Łukasz"/>
    <property name="user.timezone" value="Europe/Belgrade"/>
    <property name="java.awt.printerjob" value="sun.awt.windows.WPrinterJob"/>
    <property name="java.specification.version" value="1.8"/>
    <property name="file.encoding" value="Cp1250"/>
    <property name="user.name" value="Łukasz"/>
    <property name="java.class.path" value="c:/Maven/boot/plexus-classworlds-2.5.2.jar"/>
    <property name="java.vm.specification.version" value="1.8"/>
    <property name="sun.arch.data.model" value="64"/>
    <property name="java.home" value="c:\Program Files\Java\jdk1.8.0_25\jre"/>
    <property name="sun.java.command" value="org.codehaus.plexus.classworlds.launcher.Launcher test -B"/>
    <property name="java.specification.vendor" value="Oracle Corporation"/>
    <property name="user.language" value="pl"/>
    <property name="awt.toolkit" value="sun.awt.windows.WToolkit"/>
    <property name="java.vm.info" value="mixed mode"/>
    <property name="java.version" value="1.8.0_25"/>
    <property name="java.ext.dirs" value="c:\Program Files\Java\jdk1.8.0_25\jre\lib\ext;C:\WINDOWS\Sun\Java\lib\ext"/>
    <property name="sun.boot.class.path" value="c:\Program Files\Java\jdk1.8.0_25\jre\lib\resources.jar;c:\Program Files\Java\jdk1.8.0_25\jre\lib\rt.jar;c:\Program Files\Java\jdk1.8.0_25\jre\lib\sunrsasign.jar;c:\Program Files\Java\jdk1.8.0_25\jre\lib\jsse.jar;c:\Program Files\Java\jdk1.8.0_25\jre\lib\jce.jar;c:\Program Files\Java\jdk1.8.0_25\jre\lib\charsets.jar;c:\Program Files\Java\jdk1.8.0_25\jre\lib\jfr.jar;c:\Program Files\Java\jdk1.8.0_25\jre\classes"/>
    <property name="sun.stderr.encoding" value="cp852"/>
    <property name="java.vendor" value="Oracle Corporation"/>
    <property name="maven.home" value="c:\Maven"/>
    <property name="file.separator" value="\"/>
    <property name="java.vendor.url.bug" value="http://bugreport.sun.com/bugreport/"/>
    <property name="sun.cpu.endian" value="little"/>
    <property name="sun.io.unicode.encoding" value="UnicodeLittle"/>
    <property name="sun.stdout.encoding" value="cp852"/>
    <property name="sun.desktop" value="windows"/>
    <property name="sun.cpu.isalist" value="amd64"/>
  </properties>
  <testcase name="should_show_main_page" classname="pl.allegro.plzajeciasnake.DemoApplicationTests" time="0.293"/>
</testsuite>